2022-07-13 20:04:14,878 INFO h.Logger [main] Открыли сайт Отуса
2022-07-13 20:05:06,156 INFO h.Logger [main] Открыли сайт Отуса
2022-07-13 20:05:08,071 INFO h.Logger [main] Произвели авторизацю
2022-07-13 20:14:04,082 INFO h.Logger [main] Открыли браузер в headless режиме
2022-07-13 20:14:07,055 INFO h.Logger [main] Перешли в поисковую систему
2022-07-13 20:14:10,817 INFO h.Logger [main] Ввели в поисковю строку ОТУС и кликнули по кнопке поиска 
2022-07-13 20:14:10,922 INFO h.Logger [main] Проверка поисковой выдачи
2022-07-13 20:25:38,047 INFO h.Logger [main] Открыли сайт Отуса
2022-07-13 20:25:40,746 INFO h.Logger [main] Произвели авторизацю
2022-07-13 20:25:40,912 INFO h.Logger [main] [advcake_track_id=7dc6c560-6c07-fbc2-3611-1dfd9f646adb; expires=пт, 12 авг. 2022 08:25:37 MSK; path=/; domain=.otus.ru, oid=7dd8d05b93127f6d0bbb0135ffb13c9d; expires=сб, 12 июл. 2025 08:25:38 MSK; path=/; domain=.otus.ru, _ym_d=1657733137; expires=чт, 13 июл. 2023 08:25:37 MSK; path=/; domain=.otus.ru;secure;, sessionid=mkmp5tln2v12zrt5ps38xygv0b2b6ypj; expires=вт, 11 окт. 2022 08:25:35 MSK; path=/; domain=otus.ru, login=mk66@mailinator.com; path=/; domain=otus.ru;secure;, _tt_enable_cookie=1; expires=пн, 07 авг. 2023 08:25:37 MSK; path=/; domain=.otus.ru, _ym_visorc=w; expires=ср, 13 июл. 2022 08:55:38 MSK; path=/; domain=.otus.ru;secure;, _gid=GA1.2.1811026358.1657733137; expires=чт, 14 июл. 2022 08:25:37 MSK; path=/; domain=.otus.ru, utm=utm_source%3Dtypein%26utm_medium%3Ddirect%26utm_campaign%3DNone; expires=сб, 12 июл. 2025 08:25:38 MSK; path=/; domain=.otus.ru, password=Test12345; path=/; domain=otus.ru;secure;, _ym_uid=165773313742830802; expires=чт, 13 июл. 2023 08:25:37 MSK; path=/; domain=.otus.ru;secure;, _gat=1; expires=ср, 13 июл. 2022 08:26:37 MSK; path=/; domain=.otus.ru, _ym_isad=2; expires=чт, 14 июл. 2022 04:25:37 MSK; path=/; domain=.otus.ru;secure;, _ga=GA1.2.283679176.1657733137; expires=пт, 12 июл. 2024 08:25:37 MSK; path=/; domain=.otus.ru, _ttp=50217e74-4e70-4f11-af45-9d654b9b8f6b; expires=пн, 07 авг. 2023 08:25:37 MSK; path=/; domain=.otus.ru, advcake_session_id=c1015b0c-7581-6e20-8559-aef1a157695a; expires=пт, 12 авг. 2022 08:25:37 MSK; path=/; domain=.otus.ru]
2022-07-13 20:27:16,757 INFO h.Logger [main] Открыли сайт Отуса
2022-07-13 20:27:18,989 INFO h.Logger [main] Произвели авторизацю
2022-07-13 20:27:19,075 INFO h.Logger [main] [advcake_track_id=97632632-f588-fcaa-1335-02bbffab0d0f; expires=пт, 12 авг. 2022 08:27:16 MSK; path=/; domain=.otus.ru, oid=b63735d85f8ff191d88e4106507ac570; expires=сб, 12 июл. 2025 08:27:17 MSK; path=/; domain=.otus.ru, sessionid=y8c3b7f6pl6snmre7nj3yaxzq59vemwt; expires=вт, 11 окт. 2022 08:27:14 MSK; path=/; domain=otus.ru, _ym_d=1657733236; expires=чт, 13 июл. 2023 08:27:15 MSK; path=/; domain=.otus.ru;secure;, login=mk66@mailinator.com; path=/; domain=otus.ru;secure;, _tt_enable_cookie=1; expires=пн, 07 авг. 2023 08:27:16 MSK; path=/; domain=.otus.ru, _ym_visorc=w; expires=ср, 13 июл. 2022 08:57:16 MSK; path=/; domain=.otus.ru;secure;, _gid=GA1.2.153750550.1657733235; expires=чт, 14 июл. 2022 08:27:15 MSK; path=/; domain=.otus.ru, utm=utm_source%3Dtypein%26utm_medium%3Ddirect%26utm_campaign%3DNone; expires=сб, 12 июл. 2025 08:27:17 MSK; path=/; domain=.otus.ru, password=Test12345; path=/; domain=otus.ru;secure;, _ym_uid=1657733236326674114; expires=чт, 13 июл. 2023 08:27:15 MSK; path=/; domain=.otus.ru;secure;, _gat=1; expires=ср, 13 июл. 2022 08:28:15 MSK; path=/; domain=.otus.ru, _ym_isad=2; expires=чт, 14 июл. 2022 04:27:16 MSK; path=/; domain=.otus.ru;secure;, _ga=GA1.2.312556078.1657733235; expires=пт, 12 июл. 2024 08:27:15 MSK; path=/; domain=.otus.ru, _ttp=2ba02c87-3b2a-4403-9392-4b6b9994e5db; expires=пн, 07 авг. 2023 08:27:16 MSK; path=/; domain=.otus.ru, advcake_session_id=2ea2fdfd-32b5-b349-0ff2-96337816254d; expires=пт, 12 авг. 2022 08:27:16 MSK; path=/; domain=.otus.ru]
2022-07-13 20:27:19,076 INFO h.Logger [main] Вывели Cookie 
2022-07-13 20:33:11,538 INFO h.Logger [main] Открыли сайт Отуса
2022-07-13 20:38:18,073 INFO h.Logger [main] Открыли сайт Отуса
2022-07-13 20:46:27,972 INFO h.Logger [main] Открыли сайт Отуса
2022-07-13 20:46:30,706 INFO h.Logger [main] Произвели авторизацю
2022-07-13 20:46:30,877 INFO h.Logger [main] [advcake_track_id=8be099c9-b606-11c2-b313-9becdfa3a7d3; expires=пт, 12 авг. 2022 08:46:24 MSK; path=/; domain=.otus.ru, oid=e5216cb7d512d937efc83afec429f500; expires=сб, 12 июл. 2025 08:46:28 MSK; path=/; domain=.otus.ru, sessionid=zhnyusk5c3fdq8knc5evavwtn28z4g6k; expires=вт, 11 окт. 2022 08:46:23 MSK; path=/; domain=otus.ru, _ym_d=1657734386; expires=чт, 13 июл. 2023 08:46:26 MSK; path=/; domain=.otus.ru;secure;, login=mk66@mailinator.com; path=/; domain=otus.ru;secure;, _tt_enable_cookie=1; expires=пн, 07 авг. 2023 08:46:26 MSK; path=/; domain=.otus.ru, _ym_visorc=w; expires=ср, 13 июл. 2022 09:16:27 MSK; path=/; domain=.otus.ru;secure;, _gid=GA1.2.1214394614.1657734385; expires=чт, 14 июл. 2022 08:46:24 MSK; path=/; domain=.otus.ru, utm=utm_source%3Dtypein%26utm_medium%3Ddirect%26utm_campaign%3DNone; expires=сб, 12 июл. 2025 08:46:28 MSK; path=/; domain=.otus.ru, password=Test12345; path=/; domain=otus.ru;secure;, _ym_uid=1657734386147162007; expires=чт, 13 июл. 2023 08:46:26 MSK; path=/; domain=.otus.ru;secure;, _gat=1; expires=ср, 13 июл. 2022 08:47:24 MSK; path=/; domain=.otus.ru, _ym_isad=2; expires=чт, 14 июл. 2022 04:46:26 MSK; path=/; domain=.otus.ru;secure;, _ga=GA1.2.71370806.1657734385; expires=пт, 12 июл. 2024 08:46:24 MSK; path=/; domain=.otus.ru, _ttp=52b373f2-0bf9-4e58-9bb2-78db5bd9bee5; expires=пн, 07 авг. 2023 08:46:26 MSK; path=/; domain=.otus.ru, advcake_session_id=e70b6d21-e7d4-0898-78b5-8d398b9fc5a1; expires=пт, 12 авг. 2022 08:46:24 MSK; path=/; domain=.otus.ru]
2022-07-13 20:46:30,878 INFO h.Logger [main] Вывели Cookie 
